[2026-02-26 12:40:44] NEW PATIENT CREATED: User #22 | Test Patient | testpatient@example.com | +919999888877
[2026-02-26 12:40:44] FRONTEND BOOKING: Consultation #16 | Patient #22 (Test Patient) | Appt: 2026-02-27 10:00:00 | Ref: MC-TEST001
[2026-02-26 12:40:45]   WhatsApp result: failed — Send failed: HTTP 401: Got unexpected null
[2026-02-26 17:58:50] NEW PATIENT CREATED: User #23 | fogowroinon | 230170146009@vgecg.ac.in | 9974157344
[2026-02-26 17:58:50] FRONTEND BOOKING: Consultation #17 | Patient #23 (fogowroinon) | Appt: 2026-02-26 07:00 PM | Ref: MC-MM3FWHNU
[2026-02-26 17:58:55]   WhatsApp result: failed — Send failed: HTTP 401: Got unexpected null
[2026-02-26 18:39:16] FRONTEND BOOKING: Consultation #18 | Patient #23 (fogowroinon) | Appt: 2026-02-27 12:00 PM | Ref: MC-MM3HCHYD
[2026-02-26 18:39:17]   WhatsApp result: failed — Send failed: HTTP 401: Got unexpected null
[2026-02-26 18:43:08] NEW PATIENT CREATED: User #24 | JAYMIN CHAVDA | vansh1@gmail.com | 7045221515
[2026-02-26 18:43:08] FRONTEND BOOKING: Consultation #19 | Patient #24 (JAYMIN CHAVDA) | Appt: 2026-02-27 01:00 PM | Ref: MC-MM3HHG6S
[2026-02-26 18:43:08]   WhatsApp result: failed — Send failed: HTTP 401: Got unexpected null
[2026-02-26 19:11:18] FRONTEND BOOKING: Consultation #20 | Patient #24 (JAYMIN CHAVDA) | Appt: 2026-02-27 12:30 PM | Ref: MC-MM3IHOI4
[2026-02-26 19:11:18]   WhatsApp result: failed — Send failed: HTTP 401: Got unexpected null
[2026-02-26 20:18:54] FINAL BOOKING: Consultation #21 | Patient #1 | Appt: 2026-03-15 10:00:00 | Reminder: 2026-03-14 10:00:00
[2026-02-26 20:18:54]   WhatsApp result: failed — Send failed: HTTP 401: Got unexpected null
[2026-02-27 15:49:52] FRONTEND BOOKING: Consultation #22 | Patient #24 (JAYMIN CHAVDA) | Appt: 2026-02-28 12:30 PM | Ref: MC-MM4QQHAH
[2026-02-27 15:49:54]   WhatsApp result: failed — Send failed: HTTP 401: Got unexpected null
[2026-02-27 16:02:34] FRONTEND BOOKING: Consultation #23 | Patient #24 (JAYMIN CHAVDA) | Appt: 2026-03-01 12:00 PM | Ref: MC-MM4R6TRW
[2026-02-27 16:02:36]   WhatsApp result: failed — Send failed: HTTP 401: Got unexpected null
[2026-02-27 20:16:11] NEW PATIENT CREATED: User #28 | bansari patel | bansaripatel45677@gmail.com | 9227504540
[2026-02-27 20:16:11] FRONTEND BOOKING: Consultation #24 | Patient #28 (bansari patel) | Appt: 2026-03-01 12:00 PM | Ref: MC-MM508ZJQ
[2026-02-27 20:16:12]   WhatsApp result: failed — Send failed: HTTP 401: Got unexpected null
[2026-02-27 20:18:06] FRONTEND BOOKING: Consultation #25 | Patient #23 (fogowroinon) | Appt: 2026-02-28 12:30 PM | Ref: MC-MM50BFQQ
[2026-02-27 20:18:07]   WhatsApp result: failed — Send failed: HTTP 401: Got unexpected null
[2026-02-27 23:13:33] NEW PATIENT CREATED: User #29 | vansh chavdaa | vansh6@gmail.com | 6321622154
[2026-02-27 23:13:33] FRONTEND BOOKING: Consultation #26 | Patient #29 (vansh chavdaa) | Appt: 2026-02-28 06:00 PM | Ref: MC-MM56L2VK
[2026-02-27 23:13:34]   WhatsApp result: failed — Send failed: HTTP 401: Got unexpected null
